<?xml version="1.0" encoding="UTF-8"?>
<!-- Generated by org.testng.reporters.JUnitReportReporter -->
<testsuite hostname="DESKTOP-TEV0DC6" failures="0" tests="3" name="api.test.DDTests" time="13.693" errors="0" timestamp="2025-08-14T12:56:38 IST" skipped="0">
  <testcase classname="api.test.DDTests" name="testCreateAndDeleteUser" time="4.480"/>
  <testcase classname="api.test.DDTests" name="testCreateAndDeleteUser" time="4.154"/>
  <testcase classname="api.test.DDTests" name="testCreateAndDeleteUser" time="5.059"/>
</testsuite> <!-- api.test.DDTests -->
