<?xml version="1.0" encoding="UTF-8"?>
<!-- Generated by org.testng.reporters.JUnitReportReporter -->
<testsuite hostname="DESKTOP-TEV0DC6" failures="0" tests="4" name="api.test.UserTests" time="10.919" errors="0" timestamp="2025-07-12T15:03:03 IST" skipped="0">
  <testcase classname="api.test.UserTests" name="testPostUser" time="3.453"/>
  <testcase classname="api.test.UserTests" name="testGetUser" time="3.578"/>
  <testcase classname="api.test.UserTests" name="testUpdateUser" time="2.556"/>
  <testcase classname="api.test.UserTests" name="testDeleteUser" time="1.332"/>
</testsuite> <!-- api.test.UserTests -->
