<?xml version="1.0" encoding="UTF-8"?>
<!-- Generated by org.testng.reporters.JUnitReportReporter -->
<testsuite hostname="DESKTOP-TEV0DC6" failures="0" tests="2" name="api.test.StoreDDTest" time="2.290" errors="0" timestamp="2025-07-11T14:16:49 IST" skipped="0">
  <testcase classname="api.test.StoreDDTest" name="testPlaceOrderDDTestData" time="1.121"/>
  <testcase classname="api.test.StoreDDTest" name="testPlaceOrderDDTestData" time="1.169"/>
</testsuite> <!-- api.test.StoreDDTest -->
