<?xml version="1.0" encoding="UTF-8"?>
<!-- Generated by org.testng.reporters.JUnitReportReporter -->
<testsuite hostname="DESKTOP-TEV0DC6" failures="0" tests="4" name="api.test.UserTests2" time="5.972" errors="0" timestamp="2025-07-11T14:16:49 IST" skipped="0">
  <testcase classname="api.test.UserTests2" name="testPostUser" time="1.181"/>
  <testcase classname="api.test.UserTests2" name="testGetUser" time="1.205"/>
  <testcase classname="api.test.UserTests2" name="testUpdateUser" time="2.375"/>
  <testcase classname="api.test.UserTests2" name="testDeleteUser" time="1.211"/>
</testsuite> <!-- api.test.UserTests2 -->
