<?xml version="1.0" encoding="UTF-8"?>
<!-- Generated by org.testng.reporters.JUnitReportReporter -->
<testsuite hostname="DESKTOP-TEV0DC6" failures="0" tests="3" name="api.test.PetDDTest" time="6.176" errors="0" timestamp="2025-07-12T15:09:37 IST" skipped="0">
  <testcase classname="api.test.PetDDTest" name="testCreatePetDD" time="3.511"/>
  <testcase classname="api.test.PetDDTest" name="testCreatePetDD" time="1.235"/>
  <testcase classname="api.test.PetDDTest" name="testCreatePetDD" time="1.430"/>
</testsuite> <!-- api.test.PetDDTest -->
